Using pre-set license

 COMMAND LINE ARGUMENTS:
/Applications/Unity/Hub/Editor/2020.3.0f1/Unity.app/Contents/MacOS/Unity
-adb2
-batchMode
-noUpm
-name
AssetImportWorker0
-projectPath
/Users/samuelcolvillerea/Documents/P400/ARKit Playground
-logFile
Logs/AssetImportWorker0.log
-srvPort
59616
Successfully changed project path to: /Users/samuelcolvillerea/Documents/P400/ARKit Playground
/Users/samuelcolvillerea/Documents/P400/ARKit Playground
Using Asset Import Pipeline V2.
Refreshing native plugins compatible for Editor in 47.44 ms, found 1 plugins.
Preloading 0 native plugins for Editor in 0.00 ms.
Initialize engine version: 2020.3.0f1 (c7b5465681fb)
[Subsystems] Discovering subsystems at path /Applications/Unity/Hub/Editor/2020.3.0f1/Unity.app/Contents/Resources/UnitySubsystems
[Subsystems] Discovering subsystems at path /Users/samuelcolvillerea/Documents/P400/ARKit Playground/Assets
GfxDevice: creating device client; threaded=0
2021-04-20 13:20:19.828 Unity[16155:705139] Color LCD preferred device: Intel(R) Iris(TM) Plus Graphics 650 (low power)
2021-04-20 13:20:19.828 Unity[16155:705139] Metal devices available: 1
2021-04-20 13:20:19.828 Unity[16155:705139] 0: Intel(R) Iris(TM) Plus Graphics 650 (low power)
2021-04-20 13:20:19.828 Unity[16155:705139] Using device Intel(R) Iris(TM) Plus Graphics 650 (low power)
Initializing Metal device caps: Intel(R) Iris(TM) Plus Graphics 650
Initialize mono
Mono path[0] = '/Applications/Unity/Hub/Editor/2020.3.0f1/Unity.app/Contents/Managed'
Mono path[1] = '/Applications/Unity/Hub/Editor/2020.3.0f1/Unity.app/Contents/MonoBleedingEdge/lib/mono/unityjit'
Mono config path = '/Applications/Unity/Hub/Editor/2020.3.0f1/Unity.app/Contents/MonoBleedingEdge/etc'
Using monoOptions --debugger-agent=transport=dt_socket,embedding=1,server=y,suspend=n,address=127.0.0.1:56155
Begin MonoManager ReloadAssembly
Registering precompiled unity dll's ...
Register platform support module: /Applications/Unity/Hub/Editor/2020.3.0f1/Unity.app/Contents/PlaybackEngines/MacStandaloneSupport/UnityEditor.OSXStandalone.Extensions.dll
Register platform support module: /Applications/Unity/Hub/Editor/2020.3.0f1/PlaybackEngines/WindowsStandaloneSupport/UnityEditor.WindowsStandalone.Extensions.dll
Registered in 0.002436 seconds.
Native extension for WindowsStandalone target not found
Native extension for OSXStandalone target not found
Refreshing native plugins compatible for Editor in 43.15 ms, found 1 plugins.
Preloading 0 native plugins for Editor in 0.00 ms.
Invoked RoslynAnalysisRunner static constructor.
RoslynAnalysisRunner will not be running.
RoslynAnalysisRunner has terminated.
Mono: successfully reloaded assembly
- Completed reload, in  1.586 seconds
Platform modules already initialized, skipping
Registering precompiled user dll's ...
Registered in 0.007096 seconds.
Begin MonoManager ReloadAssembly
Native extension for WindowsStandalone target not found
Native extension for OSXStandalone target not found
Refreshing native plugins compatible for Editor in 32.00 ms, found 1 plugins.
Preloading 0 native plugins for Editor in 0.00 ms.
Invoked RoslynAnalysisRunner static constructor.
RoslynAnalysisRunner will not be running.
RoslynAnalysisRunner has terminated.
Mono: successfully reloaded assembly
- Completed reload, in  1.171 seconds
Platform modules already initialized, skipping
========================================================================
Worker process is ready to serve import requests
Launching external process: /Applications/Unity/Hub/Editor/2020.3.0f1/Unity.app/Contents/Tools/UnityShaderCompiler
Launched and connected shader compiler UnityShaderCompiler after 0.01 seconds
Refreshing native plugins compatible for Editor in 0.70 ms, found 1 plugins.
Preloading 0 native plugins for Editor in 0.00 ms.
Unloading 1700 Unused Serialized files (Serialized files now loaded: 0)
System memory in use before: 136.2 MB.
System memory in use after: 136.3 MB.

Unloading 23 unused Assets to reduce memory usage. Loaded Objects now: 2134.
Total: 4.665367 ms (FindLiveObjects: 0.685530 ms CreateObjectMapping: 0.192289 ms MarkObjects: 3.664452 ms  DeleteObjects: 0.120584 ms)

========================================================================
Received Import Request.
  path: Assets/Annimations/EditInfo.controller
  artifactKey: Guid(e5682891743df4f8ab2f6f1adbf29b7e) Importer(815301076,1909f56bfc062723c751e8b465ee728b)
Start importing Assets/Annimations/EditInfo.controller using Guid(e5682891743df4f8ab2f6f1adbf29b7e) Importer(815301076,1909f56bfc062723c751e8b465ee728b)  -> (artifact id: '4cef572171dbdc6f06928871a4c45fe1') in 1.231890 seconds
  Import took 1.237788 seconds .

========================================================================
Received Import Request.
  Time since last request: 402.406467 seconds.
  path: Assets/Scenes/Scripts/UIScripts/EditCharacterDetail.cs
  artifactKey: Guid(ddabf6bfb7c244cd999238bc985b52d6) Importer(815301076,1909f56bfc062723c751e8b465ee728b)
Start importing Assets/Scenes/Scripts/UIScripts/EditCharacterDetail.cs using Guid(ddabf6bfb7c244cd999238bc985b52d6) Importer(815301076,1909f56bfc062723c751e8b465ee728b)  -> (artifact id: '77bcdc1cc75da210e443cc6cead9db9b') in 0.447811 seconds
  Import took 0.451455 seconds .

========================================================================
Received Prepare
Registering precompiled user dll's ...
Registered in 0.007168 seconds.
Begin MonoManager ReloadAssembly
Native extension for WindowsStandalone target not found
Native extension for OSXStandalone target not found
Refreshing native plugins compatible for Editor in 0.47 ms, found 1 plugins.
Preloading 0 native plugins for Editor in 0.00 ms.
Invoked RoslynAnalysisRunner static constructor.
RoslynAnalysisRunner will not be running.
RoslynAnalysisRunner has terminated.
Mono: successfully reloaded assembly
- Completed reload, in  1.273 seconds
Platform modules already initialized, skipping
Switching build target platform(2) subTarget(0) extendedPlatform(0) -> platform(9) subTarget(16777218) extendedPlatform(0)
Refreshing native plugins compatible for Editor in 0.45 ms, found 1 plugins.
Preloading 0 native plugins for Editor in 0.00 ms.
Unloading 1678 Unused Serialized files (Serialized files now loaded: 0)
System memory in use before: 142.7 MB.
System memory in use after: 142.8 MB.

Unloading 18 unused Assets to reduce memory usage. Loaded Objects now: 2138.
Total: 2.332263 ms (FindLiveObjects: 0.412028 ms CreateObjectMapping: 0.103863 ms MarkObjects: 1.779124 ms  DeleteObjects: 0.033741 ms)

AssetImportParameters requested are different than current active one (requested -> active):
  custom:graphics/normal-map-encoding: 01000000000000000000000000000000 -> 02000000000000000000000000000000
========================================================================
Received Import Request.
  Time since last request: 161.579320 seconds.
  path: Assets/Prefabs/Character.prefab
  artifactKey: Guid(dc67cb1230f8e43bfa4f521f44dcaab5) Importer(815301076,1909f56bfc062723c751e8b465ee728b)
Start importing Assets/Prefabs/Character.prefab using Guid(dc67cb1230f8e43bfa4f521f44dcaab5) Importer(815301076,1909f56bfc062723c751e8b465ee728b)  -> (artifact id: '150ce6852066ebfa88b9ab0a554fe2ba') in 0.519416 seconds
  Import took 0.523960 seconds .

========================================================================
Received Import Request.
  Time since last request: 0.000249 seconds.
  path: Assets/Prefabs/TileTest.prefab
  artifactKey: Guid(deb92fabc378c4fa8b8ed3ca5e9b27f5) Importer(815301076,1909f56bfc062723c751e8b465ee728b)
Start importing Assets/Prefabs/TileTest.prefab using Guid(deb92fabc378c4fa8b8ed3ca5e9b27f5) Importer(815301076,1909f56bfc062723c751e8b465ee728b)  -> (artifact id: 'e7203e11db03cfc59de154bcde3648a3') in 0.008884 seconds
  Import took 0.011611 seconds .

========================================================================
Received Prepare
Registering precompiled user dll's ...
Registered in 0.006910 seconds.
Begin MonoManager ReloadAssembly
Native extension for WindowsStandalone target not found
Native extension for OSXStandalone target not found
Refreshing native plugins compatible for Editor in 0.77 ms, found 1 plugins.
Preloading 0 native plugins for Editor in 0.00 ms.
Invoked RoslynAnalysisRunner static constructor.
RoslynAnalysisRunner will not be running.
RoslynAnalysisRunner has terminated.
Mono: successfully reloaded assembly
- Completed reload, in  1.416 seconds
Platform modules already initialized, skipping
Switching build target platform(2) subTarget(0) extendedPlatform(0) -> platform(9) subTarget(16777218) extendedPlatform(0)
Refreshing native plugins compatible for Editor in 0.41 ms, found 1 plugins.
Preloading 0 native plugins for Editor in 0.00 ms.
Unloading 1678 Unused Serialized files (Serialized files now loaded: 0)
System memory in use before: 150.7 MB.
System memory in use after: 150.8 MB.

Unloading 18 unused Assets to reduce memory usage. Loaded Objects now: 2151.
Total: 1.907142 ms (FindLiveObjects: 0.244638 ms CreateObjectMapping: 0.055857 ms MarkObjects: 1.576622 ms  DeleteObjects: 0.028878 ms)

AssetImportParameters requested are different than current active one (requested -> active):
  custom:graphics/normal-map-encoding: 01000000000000000000000000000000 -> 02000000000000000000000000000000
========================================================================
Received Import Request.
  Time since last request: 305.610294 seconds.
  path: Assets/Scenes/Sceb.unity
  artifactKey: Guid(5b8006413dcf945f89004f4a6f804eaf) Importer(815301076,1909f56bfc062723c751e8b465ee728b)
Start importing Assets/Scenes/Sceb.unity using Guid(5b8006413dcf945f89004f4a6f804eaf) Importer(815301076,1909f56bfc062723c751e8b465ee728b)  -> (artifact id: '78c09178d509591f775c255ecc1666e0') in 0.014439 seconds
  Import took 0.018497 seconds .

========================================================================
Received Prepare
Registering precompiled user dll's ...
Registered in 0.001234 seconds.
Begin MonoManager ReloadAssembly
Native extension for WindowsStandalone target not found
Native extension for OSXStandalone target not found
Refreshing native plugins compatible for Editor in 0.61 ms, found 1 plugins.
Preloading 0 native plugins for Editor in 0.00 ms.
Invoked RoslynAnalysisRunner static constructor.
RoslynAnalysisRunner will not be running.
RoslynAnalysisRunner has terminated.
Mono: successfully reloaded assembly
- Completed reload, in  1.111 seconds
Platform modules already initialized, skipping
Switching build target platform(2) subTarget(0) extendedPlatform(0) -> platform(9) subTarget(16777218) extendedPlatform(0)
Refreshing native plugins compatible for Editor in 0.51 ms, found 1 plugins.
Preloading 0 native plugins for Editor in 0.00 ms.
Unloading 1678 Unused Serialized files (Serialized files now loaded: 0)
System memory in use before: 150.9 MB.
System memory in use after: 151.0 MB.

Unloading 18 unused Assets to reduce memory usage. Loaded Objects now: 2155.
Total: 2.282591 ms (FindLiveObjects: 0.340439 ms CreateObjectMapping: 0.099014 ms MarkObjects: 1.808615 ms  DeleteObjects: 0.032783 ms)

AssetImportParameters requested are different than current active one (requested -> active):
  custom:graphics/normal-map-encoding: 01000000000000000000000000000000 -> 02000000000000000000000000000000
========================================================================
Received Prepare
Registering precompiled user dll's ...
Registered in 0.003467 seconds.
Begin MonoManager ReloadAssembly
Native extension for WindowsStandalone target not found
Native extension for OSXStandalone target not found
Refreshing native plugins compatible for Editor in 0.48 ms, found 1 plugins.
Preloading 0 native plugins for Editor in 0.00 ms.
Invoked RoslynAnalysisRunner static constructor.
RoslynAnalysisRunner will not be running.
RoslynAnalysisRunner has terminated.
Mono: successfully reloaded assembly
- Completed reload, in  1.069 seconds
Platform modules already initialized, skipping
Switching build target platform(2) subTarget(0) extendedPlatform(0) -> platform(9) subTarget(16777218) extendedPlatform(0)
Refreshing native plugins compatible for Editor in 0.44 ms, found 1 plugins.
Preloading 0 native plugins for Editor in 0.00 ms.
Unloading 1678 Unused Serialized files (Serialized files now loaded: 0)
System memory in use before: 151.1 MB.
System memory in use after: 151.2 MB.

Unloading 18 unused Assets to reduce memory usage. Loaded Objects now: 2159.
Total: 2.406139 ms (FindLiveObjects: 0.273301 ms CreateObjectMapping: 0.090104 ms MarkObjects: 1.987360 ms  DeleteObjects: 0.051869 ms)

AssetImportParameters requested are different than current active one (requested -> active):
  custom:graphics/normal-map-encoding: 01000000000000000000000000000000 -> 02000000000000000000000000000000
========================================================================
Received Prepare
Registering precompiled user dll's ...
Registered in 0.001269 seconds.
Begin MonoManager ReloadAssembly
Native extension for WindowsStandalone target not found
Native extension for OSXStandalone target not found
Refreshing native plugins compatible for Editor in 0.56 ms, found 1 plugins.
Preloading 0 native plugins for Editor in 0.00 ms.
Invoked RoslynAnalysisRunner static constructor.
RoslynAnalysisRunner will not be running.
RoslynAnalysisRunner has terminated.
Mono: successfully reloaded assembly
- Completed reload, in  1.065 seconds
Platform modules already initialized, skipping
Switching build target platform(2) subTarget(0) extendedPlatform(0) -> platform(9) subTarget(16777218) extendedPlatform(0)
Refreshing native plugins compatible for Editor in 0.41 ms, found 1 plugins.
Preloading 0 native plugins for Editor in 0.00 ms.
Unloading 1678 Unused Serialized files (Serialized files now loaded: 0)
System memory in use before: 151.3 MB.
System memory in use after: 151.4 MB.

Unloading 18 unused Assets to reduce memory usage. Loaded Objects now: 2163.
Total: 2.550619 ms (FindLiveObjects: 0.345663 ms CreateObjectMapping: 0.101595 ms MarkObjects: 2.063399 ms  DeleteObjects: 0.037833 ms)

AssetImportParameters requested are different than current active one (requested -> active):
  custom:graphics/normal-map-encoding: 01000000000000000000000000000000 -> 02000000000000000000000000000000
========================================================================
Received Import Request.
  Time since last request: 612.421971 seconds.
  path: Assets/Prefabs/ARTile.prefab
  artifactKey: Guid(b2f8f5f3be3d94cceb9c59ae216c85c9) Importer(815301076,1909f56bfc062723c751e8b465ee728b)
Start importing Assets/Prefabs/ARTile.prefab using Guid(b2f8f5f3be3d94cceb9c59ae216c85c9) Importer(815301076,1909f56bfc062723c751e8b465ee728b)  -> (artifact id: 'b3d2cee3772c63dc3069ffee3a916f4c') in 0.081272 seconds
  Import took 0.084724 seconds .

========================================================================
Received Import Request.
  Time since last request: 79.352802 seconds.
  path: Assets/Prefabs/Character.prefab
  artifactKey: Guid(dc67cb1230f8e43bfa4f521f44dcaab5) Importer(815301076,1909f56bfc062723c751e8b465ee728b)
Start importing Assets/Prefabs/Character.prefab using Guid(dc67cb1230f8e43bfa4f521f44dcaab5) Importer(815301076,1909f56bfc062723c751e8b465ee728b)  -> (artifact id: 'f2f26ec1697b1de0d52074907d71a044') in 0.014572 seconds
  Import took 0.019765 seconds .

========================================================================
Received Prepare
Refreshing native plugins compatible for Editor in 8.83 ms, found 1 plugins.
Preloading 0 native plugins for Editor in 0.00 ms.
Unloading 16 Unused Serialized files (Serialized files now loaded: 0)
System memory in use before: 120.0 MB.
System memory in use after: 120.1 MB.

Unloading 15 unused Assets to reduce memory usage. Loaded Objects now: 2164.
Total: 23.319615 ms (FindLiveObjects: 0.847621 ms CreateObjectMapping: 0.079876 ms MarkObjects: 22.269446 ms  DeleteObjects: 0.120141 ms)

========================================================================
Received Prepare
Registering precompiled user dll's ...
Registered in 0.002566 seconds.
Begin MonoManager ReloadAssembly
Native extension for WindowsStandalone target not found
Native extension for OSXStandalone target not found
Refreshing native plugins compatible for Editor in 0.47 ms, found 1 plugins.
Preloading 0 native plugins for Editor in 0.00 ms.
Invoked RoslynAnalysisRunner static constructor.
RoslynAnalysisRunner will not be running.
RoslynAnalysisRunner has terminated.
Mono: successfully reloaded assembly
- Completed reload, in  1.295 seconds
Platform modules already initialized, skipping
Switching build target platform(2) subTarget(0) extendedPlatform(0) -> platform(9) subTarget(16777218) extendedPlatform(0)
Refreshing native plugins compatible for Editor in 0.49 ms, found 1 plugins.
Preloading 0 native plugins for Editor in 0.00 ms.
Unloading 1678 Unused Serialized files (Serialized files now loaded: 0)
System memory in use before: 151.6 MB.
System memory in use after: 151.7 MB.

Unloading 18 unused Assets to reduce memory usage. Loaded Objects now: 2168.
Total: 7.897873 ms (FindLiveObjects: 0.916650 ms CreateObjectMapping: 0.131025 ms MarkObjects: 6.287130 ms  DeleteObjects: 0.560475 ms)

AssetImportParameters requested are different than current active one (requested -> active):
  custom:graphics/normal-map-encoding: 01000000000000000000000000000000 -> 02000000000000000000000000000000
========================================================================
Received Prepare
Refreshing native plugins compatible for Editor in 9.24 ms, found 1 plugins.
Preloading 0 native plugins for Editor in 0.00 ms.
Unloading 16 Unused Serialized files (Serialized files now loaded: 0)
System memory in use before: 119.5 MB.
System memory in use after: 119.6 MB.

Unloading 15 unused Assets to reduce memory usage. Loaded Objects now: 2168.
Total: 18.170284 ms (FindLiveObjects: 0.639103 ms CreateObjectMapping: 0.071818 ms MarkObjects: 17.352795 ms  DeleteObjects: 0.104165 ms)

========================================================================
Received Prepare
Registering precompiled user dll's ...
Registered in 0.001549 seconds.
Begin MonoManager ReloadAssembly
Native extension for WindowsStandalone target not found
Native extension for OSXStandalone target not found
Refreshing native plugins compatible for Editor in 0.48 ms, found 1 plugins.
Preloading 0 native plugins for Editor in 0.00 ms.
Invoked RoslynAnalysisRunner static constructor.
RoslynAnalysisRunner will not be running.
RoslynAnalysisRunner has terminated.
Mono: successfully reloaded assembly
- Completed reload, in  1.182 seconds
Platform modules already initialized, skipping
Switching build target platform(2) subTarget(0) extendedPlatform(0) -> platform(9) subTarget(16777218) extendedPlatform(0)
Refreshing native plugins compatible for Editor in 0.51 ms, found 1 plugins.
Preloading 0 native plugins for Editor in 0.00 ms.
Unloading 1678 Unused Serialized files (Serialized files now loaded: 0)
System memory in use before: 151.9 MB.
System memory in use after: 151.9 MB.

Unloading 18 unused Assets to reduce memory usage. Loaded Objects now: 2172.
Total: 2.600477 ms (FindLiveObjects: 0.409880 ms CreateObjectMapping: 0.107643 ms MarkObjects: 2.028625 ms  DeleteObjects: 0.050748 ms)

AssetImportParameters requested are different than current active one (requested -> active):
  custom:graphics/normal-map-encoding: 01000000000000000000000000000000 -> 02000000000000000000000000000000
========================================================================
Received Prepare
Refreshing native plugins compatible for Editor in 8.37 ms, found 1 plugins.
Preloading 0 native plugins for Editor in 0.00 ms.
Unloading 16 Unused Serialized files (Serialized files now loaded: 0)
System memory in use before: 119.7 MB.
System memory in use after: 119.8 MB.

Unloading 15 unused Assets to reduce memory usage. Loaded Objects now: 2172.
Total: 2.874342 ms (FindLiveObjects: 0.256877 ms CreateObjectMapping: 0.063812 ms MarkObjects: 2.496812 ms  DeleteObjects: 0.055314 ms)

